[debug] [2022-05-27T10:01:51.103Z] ----------------------------------------------------------------------
[debug] [2022-05-27T10:01:51.108Z] Command:       C:\Program Files\nodejs\node.exe C:\Users\hi\AppData\Roaming\npm\node_modules\firebase-tools\lib\bin\firebase.js init
[debug] [2022-05-27T10:01:51.109Z] CLI Version:   9.18.0
[debug] [2022-05-27T10:01:51.109Z] Platform:      win32
[debug] [2022-05-27T10:01:51.109Z] Node Version:  v14.17.5
[debug] [2022-05-27T10:01:51.110Z] Time:          Fri May 27 2022 12:01:51 GMT+0200 (South Africa Standard Time)
[debug] [2022-05-27T10:01:51.110Z] ----------------------------------------------------------------------
[debug] 
[debug] [2022-05-27T10:01:51.114Z] >>> [apiv2][query] GET https://firebase-public.firebaseio.com/cli.json [none]
[debug] [2022-05-27T10:01:51.151Z] > command requires scopes: ["email","openid","https://www.googleapis.com/auth/cloudplatformprojects.readonly","https://www.googleapis.com/auth/firebase","https://www.googleapis.com/auth/cloud-platform"]
[debug] [2022-05-27T10:01:51.151Z] > authorizing via signed-in user (shikwambana27@gmail.com)
[info] 
     ######## #### ########  ######## ########     ###     ######  ########
     ##        ##  ##     ## ##       ##     ##  ##   ##  ##       ##
     ######    ##  ########  ######   ########  #########  ######  ######
     ##        ##  ##    ##  ##       ##     ## ##     ##       ## ##
     ##       #### ##     ## ######## ########  ##     ##  ######  ########

You're about to initialize a Firebase project in this directory:

  C:\Users\hi\Desktop\Project\to-do

[debug] [2022-05-27T10:01:52.176Z] <<< [apiv2][status] GET https://firebase-public.firebaseio.com/cli.json 200
[debug] [2022-05-27T10:01:52.177Z] <<< [apiv2][body] GET https://firebase-public.firebaseio.com/cli.json {"cloudBuildErrorAfter":1594252800000,"cloudBuildWarnAfter":1590019200000,"defaultNode10After":1594252800000,"minVersion":"3.0.5","node8DeploysDisabledAfter":1613390400000,"node8RuntimeDisabledAfter":1615809600000,"node8WarnAfter":1600128000000}
[debug] [2022-05-27T10:09:35.271Z] ----------------------------------------------------------------------
[debug] [2022-05-27T10:09:35.274Z] Command:       C:\Program Files\nodejs\node.exe C:\Users\hi\AppData\Roaming\npm\node_modules\firebase-tools\lib\bin\firebase.js init
[debug] [2022-05-27T10:09:35.274Z] CLI Version:   9.18.0
[debug] [2022-05-27T10:09:35.274Z] Platform:      win32
[debug] [2022-05-27T10:09:35.274Z] Node Version:  v14.17.5
[debug] [2022-05-27T10:09:35.279Z] Time:          Fri May 27 2022 12:09:35 GMT+0200 (South Africa Standard Time)
[debug] [2022-05-27T10:09:35.279Z] ----------------------------------------------------------------------
[debug] 
[debug] [2022-05-27T10:09:35.288Z] > command requires scopes: ["email","openid","https://www.googleapis.com/auth/cloudplatformprojects.readonly","https://www.googleapis.com/auth/firebase","https://www.googleapis.com/auth/cloud-platform"]
[debug] [2022-05-27T10:09:35.288Z] > authorizing via signed-in user (shikwambana27@gmail.com)
[info] 
     ######## #### ########  ######## ########     ###     ######  ########
     ##        ##  ##     ## ##       ##     ##  ##   ##  ##       ##
     ######    ##  ########  ######   ########  #########  ######  ######
     ##        ##  ##    ##  ##       ##     ## ##     ##       ## ##
     ##       #### ##     ## ######## ########  ##     ##  ######  ########

You're about to initialize a Firebase project in this directory:

  C:\Users\hi\Desktop\Project\to-do

[info] 
=== Project Setup
[info] 
[info] First, let's associate this project directory with a Firebase project.
[info] You can create multiple project aliases by running firebase use --add, 
[info] but for now we'll just set up a default project.
[info] 
[debug] [2022-05-27T10:11:02.127Z] > refreshing access token with scopes: []
[debug] [2022-05-27T10:11:02.128Z] >>> HTTP REQUEST POST https://www.googleapis.com/oauth2/v3/token  
 <request body omitted>
[debug] [2022-05-27T10:11:02.573Z] <<< HTTP RESPONSE 400 {"cache-control":"no-cache, no-store, max-age=0, must-revalidate","date":"Fri, 27 May 2022 10:11:04 GMT","pragma":"no-cache","expires":"Mon, 01 Jan 1990 00:00:00 GMT","content-type":"application/json; charset=utf-8","vary":"X-Origin, Referer, Origin,Accept-Encoding","server":"scaffolding on HTTPServer2","x-xss-protection":"0","x-frame-options":"SAMEORIGIN","x-content-type-options":"nosniff","alt-svc":"h3=\":443\"; ma=2592000,h3-29=\":443\"; ma=2592000,h3-Q050=\":443\"; ma=2592000,h3-Q046=\":443\"; ma=2592000,h3-Q043=\":443\"; ma=2592000,quic=\":443\"; ma=2592000; v=\"46,43\"","accept-ranges":"none","transfer-encoding":"chunked"}
[debug] [2022-05-27T10:11:02.576Z] >>> [apiv2][query] GET https://firebase.googleapis.com/v1beta1/projects pageSize=100
[debug] [2022-05-27T10:11:03.101Z] <<< [apiv2][status] GET https://firebase.googleapis.com/v1beta1/projects 401
[debug] [2022-05-27T10:11:03.101Z] <<< [apiv2][body] GET https://firebase.googleapis.com/v1beta1/projects [omitted]
[debug] [2022-05-27T10:11:03.102Z] HTTP Error: 401, Request had invalid authentication credentials. Expected OAuth 2 access token, login cookie or other valid authentication credential. See https://developers.google.com/identity/sign-in/web/devconsole-project.
[debug] [2022-05-27T10:11:03.103Z] FirebaseError: HTTP Error: 401, Request had invalid authentication credentials. Expected OAuth 2 access token, login cookie or other valid authentication credential. See https://developers.google.com/identity/sign-in/web/devconsole-project.
    at module.exports (C:\Users\hi\AppData\Roaming\npm\node_modules\firebase-tools\lib\responseToError.js:38:12)
    at Client.doRequest (C:\Users\hi\AppData\Roaming\npm\node_modules\firebase-tools\lib\apiv2.js:238:23)
    at processTicksAndRejections (internal/process/task_queues.js:95:5)
    at async Client.request (C:\Users\hi\AppData\Roaming\npm\node_modules\firebase-tools\lib\apiv2.js:96:20)
    at async getProjectPage (C:\Users\hi\AppData\Roaming\npm\node_modules\firebase-tools\lib\management\projects.js:233:17)
    at async getFirebaseProjectPage (C:\Users\hi\AppData\Roaming\npm\node_modules\firebase-tools\lib\management\projects.js:250:23)
    at async selectProjectInteractively (C:\Users\hi\AppData\Roaming\npm\node_modules\firebase-tools\lib\management\projects.js:95:41)
    at async Object.doSetup [as project] (C:\Users\hi\AppData\Roaming\npm\node_modules\firebase-tools\lib\init\features\project.js:87:27)
    at async init (C:\Users\hi\AppData\Roaming\npm\node_modules\firebase-tools\lib\init\index.js:19:9)
[error] 
[error] Error: Failed to list Firebase projects. See firebase-debug.log for more info.
